

================================================================
== Vivado HLS Report for 'decision_function'
================================================================
* Date:           Wed Sep 23 16:50:27 2020

* Version:        2019.1 (Build 2552052 on Fri May 24 15:28:33 MDT 2019)
* Project:        my_prj_prj
* Solution:       solution1
* Product family: virtexuplus
* Target device:  xcvu9p-flgc2104-1-e


================================================================
== Performance Estimates
================================================================
+ Timing (ns): 
    * Summary: 
    +--------+-------+----------+------------+
    |  Clock | Target| Estimated| Uncertainty|
    +--------+-------+----------+------------+
    |ap_clk  |   4.17|     3.601|        0.52|
    +--------+-------+----------+------------+

+ Latency (clock cycles): 
    * Summary: 
    +-----+-----+-----+-----+----------+
    |  Latency  |  Interval | Pipeline |
    | min | max | min | max |   Type   |
    +-----+-----+-----+-----+----------+
    |    2|    2|    1|    1| function |
    +-----+-----+-----+-----+----------+

    + Detail: 
        * Instance: 
        N/A

        * Loop: 
        N/A



================================================================
== Utilization Estimates
================================================================
* Summary: 
+---------------------+---------+-------+---------+---------+-----+
|         Name        | BRAM_18K| DSP48E|    FF   |   LUT   | URAM|
+---------------------+---------+-------+---------+---------+-----+
|DSP                  |        -|      -|        -|        -|    -|
|Expression           |        -|      -|        0|      594|    -|
|FIFO                 |        -|      -|        -|        -|    -|
|Instance             |        -|      -|        0|      792|    -|
|Memory               |        -|      -|        -|        -|    -|
|Multiplexer          |        -|      -|        -|        -|    -|
|Register             |        -|      -|      412|        -|    -|
+---------------------+---------+-------+---------+---------+-----+
|Total                |        0|      0|      412|     1386|    0|
+---------------------+---------+-------+---------+---------+-----+
|Available SLR        |     1440|   2280|   788160|   394080|  320|
+---------------------+---------+-------+---------+---------+-----+
|Utilization SLR (%)  |        0|      0|    ~0   |    ~0   |    0|
+---------------------+---------+-------+---------+---------+-----+
|Available            |     4320|   6840|  2364480|  1182240|  960|
+---------------------+---------+-------+---------+---------+-----+
|Utilization (%)      |        0|      0|    ~0   |    ~0   |    0|
+---------------------+---------+-------+---------+---------+-----+

+ Detail: 
    * Instance: 
    +---------------------------+-----------------------+---------+-------+---+----+-----+
    |          Instance         |         Module        | BRAM_18K| DSP48E| FF| LUT| URAM|
    +---------------------------+-----------------------+---------+-------+---+----+-----+
    |my_prj_mux_154_1_1_1_U10   |my_prj_mux_154_1_1_1   |        0|      0|  0|  33|    0|
    |my_prj_mux_154_1_1_1_U11   |my_prj_mux_154_1_1_1   |        0|      0|  0|  33|    0|
    |my_prj_mux_154_1_1_1_U13   |my_prj_mux_154_1_1_1   |        0|      0|  0|  33|    0|
    |my_prj_mux_154_1_1_1_U14   |my_prj_mux_154_1_1_1   |        0|      0|  0|  33|    0|
    |my_prj_mux_154_1_1_1_U16   |my_prj_mux_154_1_1_1   |        0|      0|  0|  33|    0|
    |my_prj_mux_154_1_1_1_U18   |my_prj_mux_154_1_1_1   |        0|      0|  0|  33|    0|
    |my_prj_mux_154_1_1_1_U20   |my_prj_mux_154_1_1_1   |        0|      0|  0|  33|    0|
    |my_prj_mux_154_1_1_1_U21   |my_prj_mux_154_1_1_1   |        0|      0|  0|  33|    0|
    |my_prj_mux_154_1_1_1_U22   |my_prj_mux_154_1_1_1   |        0|      0|  0|  33|    0|
    |my_prj_mux_154_1_1_1_U23   |my_prj_mux_154_1_1_1   |        0|      0|  0|  33|    0|
    |my_prj_mux_154_32_1_1_U9   |my_prj_mux_154_32_1_1  |        0|      0|  0|  33|    0|
    |my_prj_mux_154_32_1_1_U12  |my_prj_mux_154_32_1_1  |        0|      0|  0|  33|    0|
    |my_prj_mux_154_32_1_1_U15  |my_prj_mux_154_32_1_1  |        0|      0|  0|  33|    0|
    |my_prj_mux_154_32_1_1_U17  |my_prj_mux_154_32_1_1  |        0|      0|  0|  33|    0|
    |my_prj_mux_154_32_1_1_U19  |my_prj_mux_154_32_1_1  |        0|      0|  0|  33|    0|
    |my_prj_mux_73_11_1_1_U1    |my_prj_mux_73_11_1_1   |        0|      0|  0|  33|    0|
    |my_prj_mux_73_11_1_1_U2    |my_prj_mux_73_11_1_1   |        0|      0|  0|  33|    0|
    |my_prj_mux_73_11_1_1_U3    |my_prj_mux_73_11_1_1   |        0|      0|  0|  33|    0|
    |my_prj_mux_73_11_1_1_U4    |my_prj_mux_73_11_1_1   |        0|      0|  0|  33|    0|
    |my_prj_mux_73_11_1_1_U5    |my_prj_mux_73_11_1_1   |        0|      0|  0|  33|    0|
    |my_prj_mux_73_11_1_1_U6    |my_prj_mux_73_11_1_1   |        0|      0|  0|  33|    0|
    |my_prj_mux_73_11_1_1_U7    |my_prj_mux_73_11_1_1   |        0|      0|  0|  33|    0|
    |my_prj_mux_73_11_1_1_U8    |my_prj_mux_73_11_1_1   |        0|      0|  0|  33|    0|
    |my_prj_mux_83_11_1_1_U24   |my_prj_mux_83_11_1_1   |        0|      0|  0|  33|    0|
    +---------------------------+-----------------------+---------+-------+---+----+-----+
    |Total                      |                       |        0|      0|  0| 792|    0|
    +---------------------------+-----------------------+---------+-------+---+----+-----+

    * DSP48E: 
    N/A

    * Memory: 
    N/A

    * FIFO: 
    N/A

    * Expression: 
    +---------------------------------+----------+-------+---+----+------------+------------+
    |          Variable Name          | Operation| DSP48E| FF| LUT| Bitwidth P0| Bitwidth P1|
    +---------------------------------+----------+-------+---+----+------------+------------+
    |add_ln203_fu_1685_p2             |     +    |      0|  0|   9|           1|           2|
    |activation_leaf_0_10_fu_1519_p2  |    and   |      0|  0|   2|           1|           1|
    |activation_leaf_0_11_fu_1625_p2  |    and   |      0|  0|   2|           1|           1|
    |activation_leaf_0_12_fu_1741_p2  |    and   |      0|  0|   2|           1|           1|
    |activation_leaf_0_1_fu_796_p2    |    and   |      0|  0|   2|           1|           1|
    |activation_leaf_0_2_fu_802_p2    |    and   |      0|  0|   2|           1|           1|
    |activation_leaf_0_3_fu_808_p2    |    and   |      0|  0|   2|           1|           1|
    |activation_leaf_0_4_fu_820_p2    |    and   |      0|  0|   2|           1|           1|
    |activation_leaf_0_5_fu_830_p2    |    and   |      0|  0|   2|           1|           1|
    |activation_leaf_0_7_fu_836_p2    |    and   |      0|  0|   2|           1|           1|
    |activation_leaf_0_8_fu_990_p2    |    and   |      0|  0|   2|           1|           1|
    |activation_leaf_0_9_fu_1158_p2   |    and   |      0|  0|   2|           1|           1|
    |activation_leaf_0_fu_784_p2      |    and   |      0|  0|   2|           1|           1|
    |and_ln86_2_fu_1152_p2            |    and   |      0|  0|   2|           1|           1|
    |and_ln86_4_fu_1513_p2            |    and   |      0|  0|   2|           1|           1|
    |and_ln86_6_fu_1619_p2            |    and   |      0|  0|   2|           1|           1|
    |and_ln86_8_fu_1735_p2            |    and   |      0|  0|   2|           1|           1|
    |and_ln86_fu_984_p2               |    and   |      0|  0|   2|           1|           1|
    |icmp_ln1497_1_fu_508_p2          |   icmp   |      0|  0|  13|          11|          11|
    |icmp_ln1497_2_fu_544_p2          |   icmp   |      0|  0|  13|          11|          11|
    |icmp_ln1497_3_fu_580_p2          |   icmp   |      0|  0|  13|          11|          11|
    |icmp_ln1497_4_fu_616_p2          |   icmp   |      0|  0|  13|          11|          11|
    |icmp_ln1497_5_fu_658_p2          |   icmp   |      0|  0|  13|          11|          11|
    |icmp_ln1497_6_fu_706_p2          |   icmp   |      0|  0|  13|          11|          11|
    |icmp_ln1497_7_fu_754_p2          |   icmp   |      0|  0|  13|          11|          11|
    |icmp_ln1497_fu_472_p2            |   icmp   |      0|  0|  13|          11|          11|
    |icmp_ln69_1_fu_676_p2            |   icmp   |      0|  0|   9|           4|           3|
    |icmp_ln69_2_fu_724_p2            |   icmp   |      0|  0|   9|           4|           3|
    |icmp_ln69_fu_628_p2              |   icmp   |      0|  0|   9|           4|           3|
    |icmp_ln85_1_fu_1050_p2           |   icmp   |      0|  0|  20|          32|           4|
    |icmp_ln85_2_fu_1220_p2           |   icmp   |      0|  0|  20|          32|           4|
    |icmp_ln85_3_fu_1328_p2           |   icmp   |      0|  0|  20|          32|           4|
    |icmp_ln85_4_fu_1410_p2           |   icmp   |      0|  0|  20|          32|           4|
    |icmp_ln85_fu_882_p2              |   icmp   |      0|  0|  20|          32|           4|
    |icmp_ln92_1_fu_1262_p2           |   icmp   |      0|  0|  11|           5|           2|
    |icmp_ln92_fu_996_p2              |   icmp   |      0|  0|  11|           5|           2|
    |icmp_ln93_1_fu_1644_p2           |   icmp   |      0|  0|   9|           3|           3|
    |icmp_ln93_2_fu_1747_p2           |   icmp   |      0|  0|   9|           2|           3|
    |icmp_ln93_3_fu_1753_p2           |   icmp   |      0|  0|   8|           2|           1|
    |icmp_ln93_fu_1631_p2             |   icmp   |      0|  0|   9|           3|           3|
    |comparison_10_fu_718_p2          |    or    |      0|  0|   2|           1|           1|
    |comparison_12_fu_766_p2          |    or    |      0|  0|   2|           1|           1|
    |comparison_9_fu_670_p2           |    or    |      0|  0|   2|           1|           1|
    |or_ln101_1_fu_1781_p2            |    or    |      0|  0|   2|           1|           1|
    |or_ln101_2_fu_1794_p2            |    or    |      0|  0|   2|           1|           1|
    |or_ln101_3_fu_1811_p2            |    or    |      0|  0|   2|           1|           1|
    |or_ln101_4_fu_1825_p2            |    or    |      0|  0|   2|           1|           1|
    |or_ln101_5_fu_1970_p2            |    or    |      0|  0|   2|           1|           1|
    |or_ln101_6_fu_1981_p2            |    or    |      0|  0|   2|           1|           1|
    |or_ln101_fu_1766_p2              |    or    |      0|  0|   2|           1|           1|
    |or_ln86_1_fu_978_p2              |    or    |      0|  0|   2|           1|           1|
    |or_ln86_2_fu_1134_p2             |    or    |      0|  0|   2|           1|           1|
    |or_ln86_3_fu_1146_p2             |    or    |      0|  0|   2|           1|           1|
    |or_ln86_4_fu_1498_p2             |    or    |      0|  0|   2|           1|           1|
    |or_ln86_5_fu_1508_p2             |    or    |      0|  0|   2|           1|           1|
    |or_ln86_6_fu_1604_p2             |    or    |      0|  0|   2|           1|           1|
    |or_ln86_7_fu_1614_p2             |    or    |      0|  0|   2|           1|           1|
    |or_ln86_8_fu_1720_p2             |    or    |      0|  0|   2|           1|           1|
    |or_ln86_9_fu_1730_p2             |    or    |      0|  0|   2|           1|           1|
    |or_ln86_fu_966_p2                |    or    |      0|  0|   2|           1|           1|
    |activation_leaf_4_7_fu_1457_p3   |  select  |      0|  0|   2|           1|           1|
    |activation_leaf_5_12_fu_1531_p3  |  select  |      0|  0|   2|           1|           1|
    |activation_leaf_5_13_fu_1561_p3  |  select  |      0|  0|   2|           1|           1|
    |activation_leaf_5_15_fu_1673_p3  |  select  |      0|  0|   2|           1|           1|
    |activation_leaf_5_8_fu_1452_p3   |  select  |      0|  0|   2|           1|           1|
    |activation_leaf_6_10_fu_1665_p3  |  select  |      0|  0|   2|           1|           1|
    |activation_leaf_6_12_fu_1894_p3  |  select  |      0|  0|   2|           1|           1|
    |activation_leaf_6_13_fu_1899_p3  |  select  |      0|  0|   2|           1|           1|
    |activation_leaf_6_6_fu_1525_p3   |  select  |      0|  0|   2|           1|           1|
    |activation_leaf_6_7_fu_1555_p3   |  select  |      0|  0|   2|           1|           1|
    |activation_leaf_6_9_fu_1657_p3   |  select  |      0|  0|   2|           1|           1|
    |activation_leaf_7_1_fu_1650_p3   |  select  |      0|  0|   2|           1|           1|
    |activation_leaf_7_3_fu_1883_p3   |  select  |      0|  0|   2|           1|           1|
    |activation_leaf_7_4_fu_1888_p3   |  select  |      0|  0|   2|           1|           1|
    |activation_leaf_7_fu_1637_p3     |  select  |      0|  0|   2|           1|           1|
    |ap_return                        |  select  |      0|  0|  11|           1|          11|
    |select_ln101_1_fu_1799_p3        |  select  |      0|  0|   2|           1|           2|
    |select_ln101_2_fu_1817_p3        |  select  |      0|  0|   4|           1|           3|
    |select_ln101_3_fu_1831_p3        |  select  |      0|  0|   3|           1|           3|
    |select_ln101_4_fu_1975_p3        |  select  |      0|  0|   3|           1|           3|
    |select_ln101_fu_1786_p3          |  select  |      0|  0|   3|           1|           2|
    |select_ln92_fu_1568_p3           |  select  |      0|  0|   3|           1|           3|
    |select_ln93_fu_1759_p3           |  select  |      0|  0|   2|           1|           1|
    |select_ln95_1_fu_1542_p3         |  select  |      0|  0|   3|           1|           2|
    |select_ln95_fu_1462_p3           |  select  |      0|  0|   3|           1|           3|
    |tmp_22_fu_1995_p9                |  select  |      0|  0|   3|           1|           3|
    |value_leaf_0_V_fu_1908_p3        |  select  |      0|  0|   5|           1|           5|
    |value_leaf_4_V_fu_1164_p3        |  select  |      0|  0|   5|           1|           5|
    |value_leaf_5_V_1_fu_1172_p3      |  select  |      0|  0|   5|           1|           5|
    |value_leaf_5_V_2_fu_1272_p3      |  select  |      0|  0|   5|           1|           5|
    |value_leaf_5_V_3_fu_1280_p3      |  select  |      0|  0|   5|           1|           5|
    |value_leaf_5_V_4_fu_1851_p3      |  select  |      0|  0|   8|           1|           8|
    |value_leaf_6_V_1_fu_1549_p3      |  select  |      0|  0|   5|           1|           5|
    |value_leaf_6_V_2_fu_1857_p3      |  select  |      0|  0|   8|           1|           8|
    |value_leaf_6_V_3_fu_1863_p3      |  select  |      0|  0|   8|           1|           8|
    |value_leaf_6_V_4_fu_1914_p3      |  select  |      0|  0|   8|           1|           8|
    |value_leaf_6_V_5_fu_1921_p3      |  select  |      0|  0|   8|           1|           8|
    |value_leaf_6_V_fu_1537_p3        |  select  |      0|  0|   5|           1|           5|
    |value_leaf_7_V_1_fu_1870_p3      |  select  |      0|  0|   8|           1|           8|
    |value_leaf_7_V_2_fu_1876_p3      |  select  |      0|  0|   8|           1|           8|
    |value_leaf_7_V_3_fu_1928_p3      |  select  |      0|  0|   8|           1|           8|
    |value_leaf_7_V_4_fu_1935_p3      |  select  |      0|  0|   8|           1|           8|
    |activation_leaf_0_6_fu_772_p2    |    xor   |      0|  0|   2|           1|           2|
    |comparison_0_fu_478_p2           |    xor   |      0|  0|   2|           1|           2|
    |comparison_1_fu_514_p2           |    xor   |      0|  0|   2|           1|           2|
    |comparison_2_fu_550_p2           |    xor   |      0|  0|   2|           1|           2|
    |comparison_5_fu_586_p2           |    xor   |      0|  0|   2|           1|           2|
    |comparison_8_fu_622_p2           |    xor   |      0|  0|   2|           1|           2|
    |xor_ln101_fu_1771_p2             |    xor   |      0|  0|   2|           1|           2|
    |xor_ln1497_1_fu_712_p2           |    xor   |      0|  0|   2|           1|           2|
    |xor_ln1497_2_fu_760_p2           |    xor   |      0|  0|   2|           1|           2|
    |xor_ln1497_fu_664_p2             |    xor   |      0|  0|   2|           1|           2|
    |xor_ln86_10_fu_1609_p2           |    xor   |      0|  0|   2|           1|           2|
    |xor_ln86_11_fu_1715_p2           |    xor   |      0|  0|   2|           1|           2|
    |xor_ln86_12_fu_1725_p2           |    xor   |      0|  0|   2|           1|           2|
    |xor_ln86_1_fu_778_p2             |    xor   |      0|  0|   2|           1|           2|
    |xor_ln86_2_fu_790_p2             |    xor   |      0|  0|   2|           1|           2|
    |xor_ln86_3_fu_814_p2             |    xor   |      0|  0|   2|           1|           2|
    |xor_ln86_4_fu_972_p2             |    xor   |      0|  0|   2|           1|           2|
    |xor_ln86_5_fu_1128_p2            |    xor   |      0|  0|   2|           1|           2|
    |xor_ln86_6_fu_1140_p2            |    xor   |      0|  0|   2|           1|           2|
    |xor_ln86_7_fu_1493_p2            |    xor   |      0|  0|   2|           1|           2|
    |xor_ln86_8_fu_1503_p2            |    xor   |      0|  0|   2|           1|           2|
    |xor_ln86_9_fu_1599_p2            |    xor   |      0|  0|   2|           1|           2|
    |xor_ln86_fu_960_p2               |    xor   |      0|  0|   2|           1|           2|
    +---------------------------------+----------+-------+---+----+------------+------------+
    |Total                            |          |      0|  0| 594|         383|         374|
    +---------------------------------+----------+-------+---+----+------------+------------+

    * Multiplexer: 
    N/A

    * Register: 
    +----------------------------------------------------------------------------------------------------+----+----+-----+-----------+
    |                                                Name                                                | FF | LUT| Bits| Const Bits|
    +----------------------------------------------------------------------------------------------------+----+----+-----+-----------+
    |Tree_13_value_V_rea_reg_2031                                                                        |   8|   0|    8|          0|
    |Tree_13_value_V_rea_reg_2031_pp0_iter1_reg                                                          |   8|   0|    8|          0|
    |Tree_14_value_V_rea_reg_2025                                                                        |   5|   0|    5|          0|
    |Tree_14_value_V_rea_reg_2025_pp0_iter1_reg                                                          |   5|   0|    5|          0|
    |Tree_3_ap_fixed_11_6_5_3_0_7_ap_fixed_11_6_5_3_0_ap_fixed_11_6_5_3_0_0_feature_read_int_reg         |   4|   0|    4|          0|
    |Tree_3_ap_fixed_11_6_5_3_0_7_ap_fixed_11_6_5_3_0_ap_fixed_11_6_5_3_0_0_threshold_V_read_int_reg     |  10|   0|   10|          0|
    |Tree_3_ap_fixed_11_6_5_3_0_7_ap_fixed_11_6_5_3_0_ap_fixed_11_6_5_3_0_10_children_left_read_int_reg  |   5|   0|    5|          0|
    |Tree_3_ap_fixed_11_6_5_3_0_7_ap_fixed_11_6_5_3_0_ap_fixed_11_6_5_3_0_10_feature_read_int_reg        |   4|   0|    4|          0|
    |Tree_3_ap_fixed_11_6_5_3_0_7_ap_fixed_11_6_5_3_0_ap_fixed_11_6_5_3_0_10_parent_read_int_reg         |   5|   0|    5|          0|
    |Tree_3_ap_fixed_11_6_5_3_0_7_ap_fixed_11_6_5_3_0_ap_fixed_11_6_5_3_0_10_threshold_V_read_int_reg    |   9|   0|    9|          0|
    |Tree_3_ap_fixed_11_6_5_3_0_7_ap_fixed_11_6_5_3_0_ap_fixed_11_6_5_3_0_10_value_V_read_int_reg        |   4|   0|    4|          0|
    |Tree_3_ap_fixed_11_6_5_3_0_7_ap_fixed_11_6_5_3_0_ap_fixed_11_6_5_3_0_11_parent_read_int_reg         |   5|   0|    5|          0|
    |Tree_3_ap_fixed_11_6_5_3_0_7_ap_fixed_11_6_5_3_0_ap_fixed_11_6_5_3_0_11_value_V_read_int_reg        |   5|   0|    5|          0|
    |Tree_3_ap_fixed_11_6_5_3_0_7_ap_fixed_11_6_5_3_0_ap_fixed_11_6_5_3_0_12_children_left_read_int_reg  |   5|   0|    5|          0|
    |Tree_3_ap_fixed_11_6_5_3_0_7_ap_fixed_11_6_5_3_0_ap_fixed_11_6_5_3_0_12_feature_read_int_reg        |   4|   0|    4|          0|
    |Tree_3_ap_fixed_11_6_5_3_0_7_ap_fixed_11_6_5_3_0_ap_fixed_11_6_5_3_0_12_parent_read_int_reg         |   5|   0|    5|          0|
    |Tree_3_ap_fixed_11_6_5_3_0_7_ap_fixed_11_6_5_3_0_ap_fixed_11_6_5_3_0_12_threshold_V_read_int_reg    |  10|   0|   10|          0|
    |Tree_3_ap_fixed_11_6_5_3_0_7_ap_fixed_11_6_5_3_0_ap_fixed_11_6_5_3_0_12_value_V_read_int_reg        |   4|   0|    4|          0|
    |Tree_3_ap_fixed_11_6_5_3_0_7_ap_fixed_11_6_5_3_0_ap_fixed_11_6_5_3_0_13_parent_read_int_reg         |   5|   0|    5|          0|
    |Tree_3_ap_fixed_11_6_5_3_0_7_ap_fixed_11_6_5_3_0_ap_fixed_11_6_5_3_0_13_value_V_read_int_reg        |   8|   0|    8|          0|
    |Tree_3_ap_fixed_11_6_5_3_0_7_ap_fixed_11_6_5_3_0_ap_fixed_11_6_5_3_0_14_parent_read_int_reg         |   5|   0|    5|          0|
    |Tree_3_ap_fixed_11_6_5_3_0_7_ap_fixed_11_6_5_3_0_ap_fixed_11_6_5_3_0_14_value_V_read_int_reg        |   5|   0|    5|          0|
    |Tree_3_ap_fixed_11_6_5_3_0_7_ap_fixed_11_6_5_3_0_ap_fixed_11_6_5_3_0_1_feature_read_int_reg         |   4|   0|    4|          0|
    |Tree_3_ap_fixed_11_6_5_3_0_7_ap_fixed_11_6_5_3_0_ap_fixed_11_6_5_3_0_1_threshold_V_read_int_reg     |  10|   0|   10|          0|
    |Tree_3_ap_fixed_11_6_5_3_0_7_ap_fixed_11_6_5_3_0_ap_fixed_11_6_5_3_0_2_feature_read_int_reg         |   4|   0|    4|          0|
    |Tree_3_ap_fixed_11_6_5_3_0_7_ap_fixed_11_6_5_3_0_ap_fixed_11_6_5_3_0_2_threshold_V_read_int_reg     |  10|   0|   10|          0|
    |Tree_3_ap_fixed_11_6_5_3_0_7_ap_fixed_11_6_5_3_0_ap_fixed_11_6_5_3_0_3_value_V_read_int_reg         |   4|   0|    4|          0|
    |Tree_3_ap_fixed_11_6_5_3_0_7_ap_fixed_11_6_5_3_0_ap_fixed_11_6_5_3_0_4_value_V_read_int_reg         |   5|   0|    5|          0|
    |Tree_3_ap_fixed_11_6_5_3_0_7_ap_fixed_11_6_5_3_0_ap_fixed_11_6_5_3_0_5_feature_read_int_reg         |   4|   0|    4|          0|
    |Tree_3_ap_fixed_11_6_5_3_0_7_ap_fixed_11_6_5_3_0_ap_fixed_11_6_5_3_0_5_threshold_V_read_int_reg     |  10|   0|   10|          0|
    |Tree_3_ap_fixed_11_6_5_3_0_7_ap_fixed_11_6_5_3_0_ap_fixed_11_6_5_3_0_5_value_V_read_int_reg         |   3|   0|    3|          0|
    |Tree_3_ap_fixed_11_6_5_3_0_7_ap_fixed_11_6_5_3_0_ap_fixed_11_6_5_3_0_6_value_V_read_int_reg         |   5|   0|    5|          0|
    |Tree_3_ap_fixed_11_6_5_3_0_7_ap_fixed_11_6_5_3_0_ap_fixed_11_6_5_3_0_7_value_V_read_int_reg         |   5|   0|    5|          0|
    |Tree_3_ap_fixed_11_6_5_3_0_7_ap_fixed_11_6_5_3_0_ap_fixed_11_6_5_3_0_8_feature_read_int_reg         |   4|   0|    4|          0|
    |Tree_3_ap_fixed_11_6_5_3_0_7_ap_fixed_11_6_5_3_0_ap_fixed_11_6_5_3_0_8_threshold_V_read_int_reg     |  10|   0|   10|          0|
    |Tree_3_ap_fixed_11_6_5_3_0_7_ap_fixed_11_6_5_3_0_ap_fixed_11_6_5_3_0_9_children_left_read_int_reg   |   5|   0|    5|          0|
    |Tree_3_ap_fixed_11_6_5_3_0_7_ap_fixed_11_6_5_3_0_ap_fixed_11_6_5_3_0_9_feature_read_int_reg         |   4|   0|    4|          0|
    |Tree_3_ap_fixed_11_6_5_3_0_7_ap_fixed_11_6_5_3_0_ap_fixed_11_6_5_3_0_9_threshold_V_read_int_reg     |  10|   0|   10|          0|
    |Tree_3_value_V_read_reg_2056                                                                        |   4|   0|    4|          0|
    |Tree_3_value_V_read_reg_2056_pp0_iter1_reg                                                          |   4|   0|    4|          0|
    |activation_leaf_0_12_reg_2266                                                                       |   1|   0|    1|          0|
    |activation_leaf_0_1_reg_2082                                                                        |   1|   0|    1|          0|
    |activation_leaf_0_2_reg_2090                                                                        |   1|   0|    1|          0|
    |activation_leaf_0_3_reg_2098                                                                        |   1|   0|    1|          0|
    |activation_leaf_0_4_reg_2107                                                                        |   1|   0|    1|          0|
    |activation_leaf_0_5_reg_2117                                                                        |   1|   0|    1|          0|
    |activation_leaf_0_6_reg_2068                                                                        |   1|   0|    1|          0|
    |activation_leaf_0_7_reg_2126                                                                        |   1|   0|    1|          0|
    |activation_leaf_0_8_reg_2133                                                                        |   1|   0|    1|          0|
    |activation_leaf_0_9_reg_2152                                                                        |   1|   0|    1|          0|
    |activation_leaf_0_reg_2075                                                                          |   1|   0|    1|          0|
    |activation_leaf_6_10_reg_2260                                                                       |   1|   0|    1|          0|
    |activation_leaf_7_1_reg_2254                                                                        |   1|   0|    1|          0|
    |comparison_0_reg_2061                                                                               |   1|   0|    1|          0|
    |icmp_ln85_2_reg_2172                                                                                |   1|   0|    1|          0|
    |icmp_ln85_3_reg_2207                                                                                |   1|   0|    1|          0|
    |icmp_ln85_4_reg_2224                                                                                |   1|   0|    1|          0|
    |icmp_ln92_1_reg_2184                                                                                |   1|   0|    1|          0|
    |icmp_ln92_reg_2141                                                                                  |   1|   0|    1|          0|
    |icmp_ln93_1_reg_2247                                                                                |   1|   0|    1|          0|
    |icmp_ln93_2_reg_2272                                                                                |   1|   0|    1|          0|
    |icmp_ln93_3_reg_2280                                                                                |   1|   0|    1|          0|
    |icmp_ln93_reg_2241                                                                                  |   1|   0|    1|          0|
    |or_ln101_4_reg_2289                                                                                 |   1|   0|    1|          0|
    |select_ln101_3_reg_2295                                                                             |   3|   0|    3|          0|
    |sext_ln203_reg_2192                                                                                 |   5|   0|    5|          0|
    |tmp_14_reg_2178                                                                                     |   1|   0|    1|          0|
    |tmp_17_reg_2213                                                                                     |   1|   0|    1|          0|
    |tmp_20_reg_2230                                                                                     |   1|   0|    1|          0|
    |trunc_ln85_2_reg_2167                                                                               |   4|   0|    4|          0|
    |trunc_ln85_3_reg_2202                                                                               |   4|   0|    4|          0|
    |trunc_ln85_4_reg_2219                                                                               |   4|   0|    4|          0|
    |value_leaf_1_V_reg_2051                                                                             |   5|   0|    5|          0|
    |value_leaf_1_V_reg_2051_pp0_iter1_reg                                                               |   5|   0|    5|          0|
    |value_leaf_2_V_reg_2044                                                                             |   5|   0|    5|          0|
    |value_leaf_2_V_reg_2044_pp0_iter1_reg                                                               |   5|   0|    5|          0|
    |value_leaf_3_V_reg_2038                                                                             |   5|   0|    5|          0|
    |value_leaf_3_V_reg_2038_pp0_iter1_reg                                                               |   5|   0|    5|          0|
    |value_leaf_4_V_reg_2162                                                                             |   5|   0|    5|          0|
    |value_leaf_4_V_reg_2162_pp0_iter1_reg                                                               |   5|   0|    5|          0|
    |value_leaf_5_V_3_reg_2197                                                                           |   5|   0|    5|          0|
    |value_leaf_5_V_3_reg_2197_pp0_iter1_reg                                                             |   5|   0|    5|          0|
    |value_leaf_6_V_1_reg_2236                                                                           |   5|   0|    5|          0|
    |x_0_V_read_int_reg                                                                                  |  11|   0|   11|          0|
    |x_1_V_read_int_reg                                                                                  |  11|   0|   11|          0|
    |x_2_V_read_int_reg                                                                                  |  11|   0|   11|          0|
    |x_3_V_read_int_reg                                                                                  |  11|   0|   11|          0|
    |x_4_V_read_int_reg                                                                                  |  11|   0|   11|          0|
    |x_5_V_read_int_reg                                                                                  |  11|   0|   11|          0|
    |x_6_V_read_int_reg                                                                                  |  11|   0|   11|          0|
    +----------------------------------------------------------------------------------------------------+----+----+-----+-----------+
    |Total                                                                                               | 412|   0|  412|          0|
    +----------------------------------------------------------------------------------------------------+----+----+-----+-----------+



================================================================
== Interface
================================================================
* Summary: 
+--------------------------------------------------------------------------------------------+-----+-----+------------+--------------------------------------------------------------------------------------------+--------------+
|                                          RTL Ports                                         | Dir | Bits|  Protocol  |                                        Source Object                                       |    C Type    |
+--------------------------------------------------------------------------------------------+-----+-----+------------+--------------------------------------------------------------------------------------------+--------------+
|ap_clk                                                                                      |  in |    1| ap_ctrl_hs |                                      decision_function                                     | return value |
|ap_rst                                                                                      |  in |    1| ap_ctrl_hs |                                      decision_function                                     | return value |
|ap_return                                                                                   | out |   11| ap_ctrl_hs |                                      decision_function                                     | return value |
|ap_ce                                                                                       |  in |    1| ap_ctrl_hs |                                      decision_function                                     | return value |
|Tree_3_ap_fixed_11_6_5_3_0_7_ap_fixed_11_6_5_3_0_ap_fixed_11_6_5_3_0_0_feature_read         |  in |    4|   ap_none  |     Tree_3_ap_fixed_11_6_5_3_0_7_ap_fixed_11_6_5_3_0_ap_fixed_11_6_5_3_0_0_feature_read    |    scalar    |
|Tree_3_ap_fixed_11_6_5_3_0_7_ap_fixed_11_6_5_3_0_ap_fixed_11_6_5_3_0_1_feature_read         |  in |    4|   ap_none  |     Tree_3_ap_fixed_11_6_5_3_0_7_ap_fixed_11_6_5_3_0_ap_fixed_11_6_5_3_0_1_feature_read    |    scalar    |
|Tree_3_ap_fixed_11_6_5_3_0_7_ap_fixed_11_6_5_3_0_ap_fixed_11_6_5_3_0_2_feature_read         |  in |    4|   ap_none  |     Tree_3_ap_fixed_11_6_5_3_0_7_ap_fixed_11_6_5_3_0_ap_fixed_11_6_5_3_0_2_feature_read    |    scalar    |
|Tree_3_ap_fixed_11_6_5_3_0_7_ap_fixed_11_6_5_3_0_ap_fixed_11_6_5_3_0_5_feature_read         |  in |    4|   ap_none  |     Tree_3_ap_fixed_11_6_5_3_0_7_ap_fixed_11_6_5_3_0_ap_fixed_11_6_5_3_0_5_feature_read    |    scalar    |
|Tree_3_ap_fixed_11_6_5_3_0_7_ap_fixed_11_6_5_3_0_ap_fixed_11_6_5_3_0_8_feature_read         |  in |    4|   ap_none  |     Tree_3_ap_fixed_11_6_5_3_0_7_ap_fixed_11_6_5_3_0_ap_fixed_11_6_5_3_0_8_feature_read    |    scalar    |
|Tree_3_ap_fixed_11_6_5_3_0_7_ap_fixed_11_6_5_3_0_ap_fixed_11_6_5_3_0_9_feature_read         |  in |    4|   ap_none  |     Tree_3_ap_fixed_11_6_5_3_0_7_ap_fixed_11_6_5_3_0_ap_fixed_11_6_5_3_0_9_feature_read    |    scalar    |
|Tree_3_ap_fixed_11_6_5_3_0_7_ap_fixed_11_6_5_3_0_ap_fixed_11_6_5_3_0_10_feature_read        |  in |    4|   ap_none  |    Tree_3_ap_fixed_11_6_5_3_0_7_ap_fixed_11_6_5_3_0_ap_fixed_11_6_5_3_0_10_feature_read    |    scalar    |
|Tree_3_ap_fixed_11_6_5_3_0_7_ap_fixed_11_6_5_3_0_ap_fixed_11_6_5_3_0_12_feature_read        |  in |    4|   ap_none  |    Tree_3_ap_fixed_11_6_5_3_0_7_ap_fixed_11_6_5_3_0_ap_fixed_11_6_5_3_0_12_feature_read    |    scalar    |
|Tree_3_ap_fixed_11_6_5_3_0_7_ap_fixed_11_6_5_3_0_ap_fixed_11_6_5_3_0_0_threshold_V_read     |  in |   10|   ap_none  |   Tree_3_ap_fixed_11_6_5_3_0_7_ap_fixed_11_6_5_3_0_ap_fixed_11_6_5_3_0_0_threshold_V_read  |    scalar    |
|Tree_3_ap_fixed_11_6_5_3_0_7_ap_fixed_11_6_5_3_0_ap_fixed_11_6_5_3_0_1_threshold_V_read     |  in |   10|   ap_none  |   Tree_3_ap_fixed_11_6_5_3_0_7_ap_fixed_11_6_5_3_0_ap_fixed_11_6_5_3_0_1_threshold_V_read  |    scalar    |
|Tree_3_ap_fixed_11_6_5_3_0_7_ap_fixed_11_6_5_3_0_ap_fixed_11_6_5_3_0_2_threshold_V_read     |  in |   10|   ap_none  |   Tree_3_ap_fixed_11_6_5_3_0_7_ap_fixed_11_6_5_3_0_ap_fixed_11_6_5_3_0_2_threshold_V_read  |    scalar    |
|Tree_3_ap_fixed_11_6_5_3_0_7_ap_fixed_11_6_5_3_0_ap_fixed_11_6_5_3_0_5_threshold_V_read     |  in |   10|   ap_none  |   Tree_3_ap_fixed_11_6_5_3_0_7_ap_fixed_11_6_5_3_0_ap_fixed_11_6_5_3_0_5_threshold_V_read  |    scalar    |
|Tree_3_ap_fixed_11_6_5_3_0_7_ap_fixed_11_6_5_3_0_ap_fixed_11_6_5_3_0_8_threshold_V_read     |  in |   10|   ap_none  |   Tree_3_ap_fixed_11_6_5_3_0_7_ap_fixed_11_6_5_3_0_ap_fixed_11_6_5_3_0_8_threshold_V_read  |    scalar    |
|Tree_3_ap_fixed_11_6_5_3_0_7_ap_fixed_11_6_5_3_0_ap_fixed_11_6_5_3_0_9_threshold_V_read     |  in |   10|   ap_none  |   Tree_3_ap_fixed_11_6_5_3_0_7_ap_fixed_11_6_5_3_0_ap_fixed_11_6_5_3_0_9_threshold_V_read  |    scalar    |
|Tree_3_ap_fixed_11_6_5_3_0_7_ap_fixed_11_6_5_3_0_ap_fixed_11_6_5_3_0_10_threshold_V_read    |  in |    9|   ap_none  |  Tree_3_ap_fixed_11_6_5_3_0_7_ap_fixed_11_6_5_3_0_ap_fixed_11_6_5_3_0_10_threshold_V_read  |    scalar    |
|Tree_3_ap_fixed_11_6_5_3_0_7_ap_fixed_11_6_5_3_0_ap_fixed_11_6_5_3_0_12_threshold_V_read    |  in |   10|   ap_none  |  Tree_3_ap_fixed_11_6_5_3_0_7_ap_fixed_11_6_5_3_0_ap_fixed_11_6_5_3_0_12_threshold_V_read  |    scalar    |
|Tree_3_ap_fixed_11_6_5_3_0_7_ap_fixed_11_6_5_3_0_ap_fixed_11_6_5_3_0_3_value_V_read         |  in |    4|   ap_none  |     Tree_3_ap_fixed_11_6_5_3_0_7_ap_fixed_11_6_5_3_0_ap_fixed_11_6_5_3_0_3_value_V_read    |    scalar    |
|Tree_3_ap_fixed_11_6_5_3_0_7_ap_fixed_11_6_5_3_0_ap_fixed_11_6_5_3_0_4_value_V_read         |  in |    5|   ap_none  |     Tree_3_ap_fixed_11_6_5_3_0_7_ap_fixed_11_6_5_3_0_ap_fixed_11_6_5_3_0_4_value_V_read    |    scalar    |
|Tree_3_ap_fixed_11_6_5_3_0_7_ap_fixed_11_6_5_3_0_ap_fixed_11_6_5_3_0_5_value_V_read         |  in |    3|   ap_none  |     Tree_3_ap_fixed_11_6_5_3_0_7_ap_fixed_11_6_5_3_0_ap_fixed_11_6_5_3_0_5_value_V_read    |    scalar    |
|Tree_3_ap_fixed_11_6_5_3_0_7_ap_fixed_11_6_5_3_0_ap_fixed_11_6_5_3_0_6_value_V_read         |  in |    5|   ap_none  |     Tree_3_ap_fixed_11_6_5_3_0_7_ap_fixed_11_6_5_3_0_ap_fixed_11_6_5_3_0_6_value_V_read    |    scalar    |
|Tree_3_ap_fixed_11_6_5_3_0_7_ap_fixed_11_6_5_3_0_ap_fixed_11_6_5_3_0_7_value_V_read         |  in |    5|   ap_none  |     Tree_3_ap_fixed_11_6_5_3_0_7_ap_fixed_11_6_5_3_0_ap_fixed_11_6_5_3_0_7_value_V_read    |    scalar    |
|Tree_3_ap_fixed_11_6_5_3_0_7_ap_fixed_11_6_5_3_0_ap_fixed_11_6_5_3_0_10_value_V_read        |  in |    4|   ap_none  |    Tree_3_ap_fixed_11_6_5_3_0_7_ap_fixed_11_6_5_3_0_ap_fixed_11_6_5_3_0_10_value_V_read    |    scalar    |
|Tree_3_ap_fixed_11_6_5_3_0_7_ap_fixed_11_6_5_3_0_ap_fixed_11_6_5_3_0_11_value_V_read        |  in |    5|   ap_none  |    Tree_3_ap_fixed_11_6_5_3_0_7_ap_fixed_11_6_5_3_0_ap_fixed_11_6_5_3_0_11_value_V_read    |    scalar    |
|Tree_3_ap_fixed_11_6_5_3_0_7_ap_fixed_11_6_5_3_0_ap_fixed_11_6_5_3_0_12_value_V_read        |  in |    4|   ap_none  |    Tree_3_ap_fixed_11_6_5_3_0_7_ap_fixed_11_6_5_3_0_ap_fixed_11_6_5_3_0_12_value_V_read    |    scalar    |
|Tree_3_ap_fixed_11_6_5_3_0_7_ap_fixed_11_6_5_3_0_ap_fixed_11_6_5_3_0_13_value_V_read        |  in |    8|   ap_none  |    Tree_3_ap_fixed_11_6_5_3_0_7_ap_fixed_11_6_5_3_0_ap_fixed_11_6_5_3_0_13_value_V_read    |    scalar    |
|Tree_3_ap_fixed_11_6_5_3_0_7_ap_fixed_11_6_5_3_0_ap_fixed_11_6_5_3_0_14_value_V_read        |  in |    5|   ap_none  |    Tree_3_ap_fixed_11_6_5_3_0_7_ap_fixed_11_6_5_3_0_ap_fixed_11_6_5_3_0_14_value_V_read    |    scalar    |
|Tree_3_ap_fixed_11_6_5_3_0_7_ap_fixed_11_6_5_3_0_ap_fixed_11_6_5_3_0_9_children_left_read   |  in |    5|   ap_none  |  Tree_3_ap_fixed_11_6_5_3_0_7_ap_fixed_11_6_5_3_0_ap_fixed_11_6_5_3_0_9_children_left_read |    scalar    |
|Tree_3_ap_fixed_11_6_5_3_0_7_ap_fixed_11_6_5_3_0_ap_fixed_11_6_5_3_0_10_children_left_read  |  in |    5|   ap_none  | Tree_3_ap_fixed_11_6_5_3_0_7_ap_fixed_11_6_5_3_0_ap_fixed_11_6_5_3_0_10_children_left_read |    scalar    |
|Tree_3_ap_fixed_11_6_5_3_0_7_ap_fixed_11_6_5_3_0_ap_fixed_11_6_5_3_0_12_children_left_read  |  in |    5|   ap_none  | Tree_3_ap_fixed_11_6_5_3_0_7_ap_fixed_11_6_5_3_0_ap_fixed_11_6_5_3_0_12_children_left_read |    scalar    |
|Tree_3_ap_fixed_11_6_5_3_0_7_ap_fixed_11_6_5_3_0_ap_fixed_11_6_5_3_0_10_parent_read         |  in |    5|   ap_none  |     Tree_3_ap_fixed_11_6_5_3_0_7_ap_fixed_11_6_5_3_0_ap_fixed_11_6_5_3_0_10_parent_read    |    scalar    |
|Tree_3_ap_fixed_11_6_5_3_0_7_ap_fixed_11_6_5_3_0_ap_fixed_11_6_5_3_0_11_parent_read         |  in |    5|   ap_none  |     Tree_3_ap_fixed_11_6_5_3_0_7_ap_fixed_11_6_5_3_0_ap_fixed_11_6_5_3_0_11_parent_read    |    scalar    |
|Tree_3_ap_fixed_11_6_5_3_0_7_ap_fixed_11_6_5_3_0_ap_fixed_11_6_5_3_0_12_parent_read         |  in |    5|   ap_none  |     Tree_3_ap_fixed_11_6_5_3_0_7_ap_fixed_11_6_5_3_0_ap_fixed_11_6_5_3_0_12_parent_read    |    scalar    |
|Tree_3_ap_fixed_11_6_5_3_0_7_ap_fixed_11_6_5_3_0_ap_fixed_11_6_5_3_0_13_parent_read         |  in |    5|   ap_none  |     Tree_3_ap_fixed_11_6_5_3_0_7_ap_fixed_11_6_5_3_0_ap_fixed_11_6_5_3_0_13_parent_read    |    scalar    |
|Tree_3_ap_fixed_11_6_5_3_0_7_ap_fixed_11_6_5_3_0_ap_fixed_11_6_5_3_0_14_parent_read         |  in |    5|   ap_none  |     Tree_3_ap_fixed_11_6_5_3_0_7_ap_fixed_11_6_5_3_0_ap_fixed_11_6_5_3_0_14_parent_read    |    scalar    |
|x_0_V_read                                                                                  |  in |   11|   ap_none  |                                         x_0_V_read                                         |    scalar    |
|x_1_V_read                                                                                  |  in |   11|   ap_none  |                                         x_1_V_read                                         |    scalar    |
|x_2_V_read                                                                                  |  in |   11|   ap_none  |                                         x_2_V_read                                         |    scalar    |
|x_3_V_read                                                                                  |  in |   11|   ap_none  |                                         x_3_V_read                                         |    scalar    |
|x_4_V_read                                                                                  |  in |   11|   ap_none  |                                         x_4_V_read                                         |    scalar    |
|x_5_V_read                                                                                  |  in |   11|   ap_none  |                                         x_5_V_read                                         |    scalar    |
|x_6_V_read                                                                                  |  in |   11|   ap_none  |                                         x_6_V_read                                         |    scalar    |
+--------------------------------------------------------------------------------------------+-----+-----+------------+--------------------------------------------------------------------------------------------+--------------+

